0 info it worked if it ends with ok
1 verbose cli [ '/usr/local/bin/node', '/usr/local/bin/npm', 'run', 'build' ]
2 info using npm@3.10.10
3 info using node@v7.3.0
4 verbose run-script [ 'prebuild', 'build', 'postbuild' ]
5 info lifecycle es6_learning@1.0.0~prebuild: es6_learning@1.0.0
6 silly lifecycle es6_learning@1.0.0~prebuild: no script for prebuild, continuing
7 info lifecycle es6_learning@1.0.0~build: es6_learning@1.0.0
8 verbose lifecycle es6_learning@1.0.0~build: unsafe-perm in lifecycle true
9 verbose lifecycle es6_learning@1.0.0~build: PATH: /usr/local/lib/node_modules/npm/bin/node-gyp-bin:/home/mayur/Desktop/store/es6_learning/node_modules/.bin:/home/mayur/.rvm/gems/ruby-2.3.1/bin:/home/mayur/.rvm/gems/ruby-2.3.1@global/bin:/home/mayur/.rvm/rubies/ruby-2.3.1/bin:/usr/local/sbin:/usr/local/bin:/usr/sbin:/usr/bin:/sbin:/bin:/usr/games:/usr/local/games:/usr/lib/jvm/java-8-oracle/bin:/usr/lib/jvm/java-8-oracle/db/bin:/usr/lib/jvm/java-8-oracle/jre/bin:/home/mayur/.rvm/bin:/home/mayur/Downloads/packages/android-sdk-linux/tools:/home/mayur/Downloads/packages/android-sdk-linux/tools/platform-tools:/usr/lib/jvm/java-8-oracle/bin:/usr/lib/jvm/java-8-oracle/db/bin:/usr/lib/jvm/java-8-oracle/jre/bin:/home/mayur/.rvm/bin:/home/mayur/.rvm/bin:/home/mayur/Downloads/packages/android-sdk-linux/tools:/home/mayur/Downloads/packages/android-sdk-linux/tools/platform-tools
10 verbose lifecycle es6_learning@1.0.0~build: CWD: /home/mayur/Desktop/store/es6_learning
11 silly lifecycle es6_learning@1.0.0~build: Args: [ '-c', 'webpack' ]
12 silly lifecycle es6_learning@1.0.0~build: Returned: code: 1  signal: null
13 info lifecycle es6_learning@1.0.0~build: Failed to exec build script
14 verbose stack Error: es6_learning@1.0.0 build: `webpack`
14 verbose stack Exit status 1
14 verbose stack     at EventEmitter.<anonymous> (/usr/local/lib/node_modules/npm/lib/utils/lifecycle.js:255:16)
14 verbose stack     at emitTwo (events.js:106:13)
14 verbose stack     at EventEmitter.emit (events.js:191:7)
14 verbose stack     at ChildProcess.<anonymous> (/usr/local/lib/node_modules/npm/lib/utils/spawn.js:40:14)
14 verbose stack     at emitTwo (events.js:106:13)
14 verbose stack     at ChildProcess.emit (events.js:191:7)
14 verbose stack     at maybeClose (internal/child_process.js:885:16)
14 verbose stack     at Process.ChildProcess._handle.onexit (internal/child_process.js:226:5)
15 verbose pkgid es6_learning@1.0.0
16 verbose cwd /home/mayur/Desktop/store/es6_learning
17 error Linux 3.16.0-30-generic
18 error argv "/usr/local/bin/node" "/usr/local/bin/npm" "run" "build"
19 error node v7.3.0
20 error npm  v3.10.10
21 error code ELIFECYCLE
22 error es6_learning@1.0.0 build: `webpack`
22 error Exit status 1
23 error Failed at the es6_learning@1.0.0 build script 'webpack'.
23 error Make sure you have the latest version of node.js and npm installed.
23 error If you do, this is most likely a problem with the es6_learning package,
23 error not with npm itself.
23 error Tell the author that this fails on your system:
23 error     webpack
23 error You can get information on how to open an issue for this project with:
23 error     npm bugs es6_learning
23 error Or if that isn't available, you can get their info via:
23 error     npm owner ls es6_learning
23 error There is likely additional logging output above.
24 verbose exit [ 1, true ]
